mode: set
praktikum/controllers/blog.go:12.47,19.2 2 1
praktikum/controllers/blog.go:22.46,28.16 3 1
praktikum/controllers/blog.go:32.2,35.4 1 1
praktikum/controllers/blog.go:28.16,30.3 1 0
praktikum/controllers/blog.go:39.49,42.16 2 1
praktikum/controllers/blog.go:46.2,49.4 1 1
praktikum/controllers/blog.go:42.16,44.3 1 0
praktikum/controllers/blog.go:53.49,59.16 3 1
praktikum/controllers/blog.go:63.2,66.4 1 1
praktikum/controllers/blog.go:59.16,61.3 1 0
praktikum/controllers/blog.go:70.49,74.16 2 1
praktikum/controllers/blog.go:78.2,81.4 1 1
praktikum/controllers/blog.go:74.16,76.3 1 0
praktikum/controllers/book.go:12.47,19.2 2 1
praktikum/controllers/book.go:22.46,32.2 3 1
praktikum/controllers/book.go:35.49,42.2 2 1
praktikum/controllers/book.go:45.49,55.2 3 1
praktikum/controllers/book.go:58.49,66.2 2 1
praktikum/controllers/calc.go:5.29,7.2 1 1
praktikum/controllers/calc.go:9.32,11.2 1 1
praktikum/controllers/calc.go:13.35,15.2 1 1
praktikum/controllers/calc.go:17.38,18.12 1 1
praktikum/controllers/calc.go:21.2,21.19 1 1
praktikum/controllers/calc.go:18.12,20.3 1 1
praktikum/controllers/user.go:12.47,19.2 2 1
praktikum/controllers/user.go:22.46,32.2 3 1
praktikum/controllers/user.go:35.49,42.2 2 1
praktikum/controllers/user.go:45.49,55.2 3 1
praktikum/controllers/user.go:58.49,66.2 2 1
